2026-01-26 20:48:53,402 - himawari_pipeline - INFO - Initializing Himawari-8 Pipeline
2026-01-26 20:48:53,402 - himawari_pipeline - INFO - Year-specific mode: 2023
2026-01-26 20:48:53,403 - himawari_pipeline - INFO - 
================================================================
         Himawari-8 Pipeline Configuration Summary
================================================================
Geographic Region:
  Latitude:  20.0°N to 27.0°N
  Longitude: 88.0°E to 93.0°E
  Output:    64x64 grid (~0.05° resolution)
----------------------------------------------------------------
Temporal Settings:
  Period:    2023-01-01 to 2025-12-31
  Interval:  30 minutes
----------------------------------------------------------------
Bands:
  B08 (6.2 um)  - Upper-level water vapor
  B10 (7.3 um)  - Mid-level water vapor
  B13 (10.4 um) - Cloud-top temperature
----------------------------------------------------------------
Processing:
  Aggregation: min
  Interpolation: bilinear
----------------------------------------------------------------
Storage:
  Format:    npz
  Directory: d:\Study mat\THESIS\NASA API\himawari_pipeline
================================================================

