2026-01-27 22:21:41,023 - himawari_pipeline - INFO - Initializing Himawari-8 Pipeline
2026-01-27 22:21:41,023 - himawari_pipeline - INFO - Year-specific mode: 2023
2026-01-27 22:21:41,024 - himawari_pipeline - INFO - 
================================================================
         Himawari-8 Pipeline Configuration Summary
================================================================
Geographic Region:
  Latitude:  20.0°N to 27.0°N
  Longitude: 88.0°E to 93.0°E
  Output:    64x64 grid (~0.05° resolution)
----------------------------------------------------------------
Temporal Settings:
  Period:    2023-01-01 to 2025-12-31
  Interval:  30 minutes
----------------------------------------------------------------
Bands:
  B08 (6.2 um)  - Upper-level water vapor
  B10 (7.3 um)  - Mid-level water vapor
  B13 (10.4 um) - Cloud-top temperature
----------------------------------------------------------------
Processing:
  Aggregation: min
  Interpolation: bilinear
----------------------------------------------------------------
Storage:
  Format:    npz
  Directory: d:\Study mat\THESIS\NASA API\himawari_pipeline
================================================================

2026-01-27 22:21:41,129 - himawari_pipeline - INFO - Processing period: 2023-01-01 to 2023-12-31
2026-01-27 22:21:41,177 - himawari_pipeline - INFO - Total timestamps to process: 17520
2026-01-27 22:21:41,344 - himawari_pipeline - INFO - Pending timestamps: 15984 (1536 already done)
2026-01-27 22:29:18,903 - himawari_pipeline - INFO - Progress: 48/15984 (39 successful, 0 failed)
